<?xml version="1.0" encoding="UTF-8"?>
<!-- Generated by org.testng.reporters.JUnitReportReporter -->
<testsuite skipped="0" hostname="Toatzin_Padilla" name="mx.jzab.edu.refactoring.movies.MovieRentalTestMain" tests="9" failures="0" timestamp="11 oct 2017 05:35:12 GMT" time="0.012" errors="0">
  <testcase name="testRentalAmount_regular_moreThan2" time="0.001" classname="mx.jzab.edu.refactoring.movies.MovieRentalTestMain"/>
  <testcase name="testRentalAmount_newRelease" time="0.000" classname="mx.jzab.edu.refactoring.movies.MovieRentalTestMain"/>
  <testcase name="testRentalMovie" time="0.001" classname="mx.jzab.edu.refactoring.movies.MovieRentalTestMain"/>
  <testcase name="testMovieName" time="0.001" classname="mx.jzab.edu.refactoring.movies.MovieRentalTestMain"/>
  <testcase name="testRentalDays" time="0.001" classname="mx.jzab.edu.refactoring.movies.MovieRentalTestMain"/>
  <testcase name="testRentalAmount_children_lessThan3" time="0.001" classname="mx.jzab.edu.refactoring.movies.MovieRentalTestMain"/>
  <testcase name="testRentalAmount_children_moreThan3" time="0.001" classname="mx.jzab.edu.refactoring.movies.MovieRentalTestMain"/>
  <testcase name="testCustomerName" time="0.005" classname="mx.jzab.edu.refactoring.movies.MovieRentalTestMain"/>
  <testcase name="testRentalAmount_regular_lessThan2" time="0.001" classname="mx.jzab.edu.refactoring.movies.MovieRentalTestMain"/>
</testsuite> <!-- mx.jzab.edu.refactoring.movies.MovieRentalTestMain -->
